I:\CODE\199__YACSIXXS\P3\LIBJIT\LIBJIT\RELEASE\JIT-LIVE.OBJ
I:\CODE\199__YACSIXXS\P3\LIBJIT\LIBJIT\RELEASE\JIT-INTRINSIC.OBJ
I:\CODE\199__YACSIXXS\P3\LIBJIT\LIBJIT\RELEASE\JIT-INTERP.OBJ
I:\CODE\199__YACSIXXS\P3\LIBJIT\LIBJIT\RELEASE\JIT-INSN.OBJ
I:\CODE\199__YACSIXXS\P3\LIBJIT\LIBJIT\RELEASE\JIT-INIT.OBJ
I:\CODE\199__YACSIXXS\P3\LIBJIT\LIBJIT\RELEASE\JIT-GEN-ARM.OBJ
I:\CODE\199__YACSIXXS\P3\LIBJIT\LIBJIT\RELEASE\JIT-FUNCTION.OBJ
I:\CODE\199__YACSIXXS\P3\LIBJIT\LIBJIT\RELEASE\JIT-EXCEPT.OBJ
I:\CODE\199__YACSIXXS\P3\LIBJIT\LIBJIT\RELEASE\JIT-ELF-WRITE.OBJ
I:\CODE\199__YACSIXXS\P3\LIBJIT\LIBJIT\RELEASE\JIT-DUMP.OBJ
I:\CODE\199__YACSIXXS\P3\LIBJIT\LIBJIT\RELEASE\JIT-DEBUGGER.OBJ
I:\CODE\199__YACSIXXS\P3\LIBJIT\LIBJIT\RELEASE\JIT-CPUID-X86.OBJ
I:\CODE\199__YACSIXXS\P3\LIBJIT\LIBJIT\RELEASE\JIT-CONTEXT.OBJ
I:\CODE\199__YACSIXXS\P3\LIBJIT\LIBJIT\RELEASE\JIT-CFG.OBJ
I:\CODE\199__YACSIXXS\P3\LIBJIT\LIBJIT\RELEASE\JIT-CACHE.OBJ
I:\CODE\199__YACSIXXS\P3\LIBJIT\LIBJIT\RELEASE\JIT-BLOCK.OBJ
I:\CODE\199__YACSIXXS\P3\LIBJIT\LIBJIT\RELEASE\JIT-BITSET.OBJ
I:\CODE\199__YACSIXXS\P3\LIBJIT\LIBJIT\RELEASE\JIT-APPLY.OBJ
I:\CODE\199__YACSIXXS\P3\LIBJIT\LIBJIT\RELEASE\JIT-APPLY-X86.OBJ
I:\CODE\199__YACSIXXS\P3\LIBJIT\LIBJIT\RELEASE\JIT-ALLOC.OBJ
I:\CODE\199__YACSIXXS\P3\LIBJIT\LIBJIT\RELEASE\JIT-WALK.OBJ
I:\CODE\199__YACSIXXS\P3\LIBJIT\LIBJIT\RELEASE\JIT-VALUE.OBJ
I:\CODE\199__YACSIXXS\P3\LIBJIT\LIBJIT\RELEASE\JIT-UNWIND.OBJ
I:\CODE\199__YACSIXXS\P3\LIBJIT\LIBJIT\RELEASE\JIT-TYPE.OBJ
I:\CODE\199__YACSIXXS\P3\LIBJIT\LIBJIT\RELEASE\JIT-THREAD.OBJ
I:\CODE\199__YACSIXXS\P3\LIBJIT\LIBJIT\RELEASE\JIT-SYMBOL.OBJ
I:\CODE\199__YACSIXXS\P3\LIBJIT\LIBJIT\RELEASE\JIT-STRING.OBJ
I:\CODE\199__YACSIXXS\P3\LIBJIT\LIBJIT\RELEASE\JIT-SIGNAL.OBJ
I:\CODE\199__YACSIXXS\P3\LIBJIT\LIBJIT\RELEASE\JIT-RULES.OBJ
I:\CODE\199__YACSIXXS\P3\LIBJIT\LIBJIT\RELEASE\JIT-RULES-X86.OBJ
I:\CODE\199__YACSIXXS\P3\LIBJIT\LIBJIT\RELEASE\JIT-RULES-INTERP.OBJ
I:\CODE\199__YACSIXXS\P3\LIBJIT\LIBJIT\RELEASE\JIT-REG-CLASS.OBJ
I:\CODE\199__YACSIXXS\P3\LIBJIT\LIBJIT\RELEASE\JIT-REG-ALLOC.OBJ
I:\CODE\199__YACSIXXS\P3\LIBJIT\LIBJIT\RELEASE\JIT-POOL.OBJ
I:\CODE\199__YACSIXXS\P3\LIBJIT\LIBJIT\RELEASE\JIT-OPCODE.OBJ
I:\CODE\199__YACSIXXS\P3\LIBJIT\LIBJIT\RELEASE\JIT-OBJMODEL.OBJ
I:\CODE\199__YACSIXXS\P3\LIBJIT\LIBJIT\RELEASE\JIT-META.OBJ
I:\CODE\199__YACSIXXS\P3\LIBJIT\LIBJIT\RELEASE\JIT-MEMORY.OBJ
I:\CODE\199__YACSIXXS\P3\LIBJIT\LIBJIT\RELEASE\VC110.PDB
I:\CODE\199__YACSIXXS\P3\LIBJIT\LIBJIT\RELEASE\LIBJIT.LIB
I:\code\199__YACSixxS\p3\libjit\libjit\Release\libjit.lib
I:\code\199__YACSixxS\p3\libjit\libjit\Release\jit-alloc.obj
I:\code\199__YACSixxS\p3\libjit\libjit\Release\jit-apply-x86.obj
I:\code\199__YACSixxS\p3\libjit\libjit\Release\jit-apply.obj
I:\code\199__YACSixxS\p3\libjit\libjit\Release\jit-bitset.obj
I:\code\199__YACSixxS\p3\libjit\libjit\Release\jit-block.obj
I:\code\199__YACSixxS\p3\libjit\libjit\Release\jit-cache.obj
I:\code\199__YACSixxS\p3\libjit\libjit\Release\jit-cfg.obj
I:\code\199__YACSixxS\p3\libjit\libjit\Release\jit-context.obj
I:\code\199__YACSixxS\p3\libjit\libjit\Release\jit-cpuid-x86.obj
I:\code\199__YACSixxS\p3\libjit\libjit\Release\jit-debugger.obj
I:\code\199__YACSixxS\p3\libjit\libjit\Release\jit-dump.obj
I:\code\199__YACSixxS\p3\libjit\libjit\Release\jit-elf-write.obj
I:\code\199__YACSixxS\p3\libjit\libjit\Release\jit-except.obj
I:\code\199__YACSixxS\p3\libjit\libjit\Release\jit-function.obj
I:\code\199__YACSixxS\p3\libjit\libjit\Release\jit-gen-arm.obj
I:\code\199__YACSixxS\p3\libjit\libjit\Release\jit-init.obj
I:\code\199__YACSixxS\p3\libjit\libjit\Release\jit-insn.obj
I:\code\199__YACSixxS\p3\libjit\libjit\Release\jit-interp.obj
I:\code\199__YACSixxS\p3\libjit\libjit\Release\jit-intrinsic.obj
I:\code\199__YACSixxS\p3\libjit\libjit\Release\jit-live.obj
I:\code\199__YACSixxS\p3\libjit\libjit\Release\jit-memory.obj
I:\code\199__YACSixxS\p3\libjit\libjit\Release\jit-meta.obj
I:\code\199__YACSixxS\p3\libjit\libjit\Release\jit-objmodel.obj
I:\code\199__YACSixxS\p3\libjit\libjit\Release\jit-opcode.obj
I:\code\199__YACSixxS\p3\libjit\libjit\Release\jit-pool.obj
I:\code\199__YACSixxS\p3\libjit\libjit\Release\jit-reg-alloc.obj
I:\code\199__YACSixxS\p3\libjit\libjit\Release\jit-reg-class.obj
I:\code\199__YACSixxS\p3\libjit\libjit\Release\jit-rules-interp.obj
I:\code\199__YACSixxS\p3\libjit\libjit\Release\jit-rules-x86.obj
I:\code\199__YACSixxS\p3\libjit\libjit\Release\jit-rules.obj
I:\code\199__YACSixxS\p3\libjit\libjit\Release\jit-signal.obj
I:\code\199__YACSixxS\p3\libjit\libjit\Release\jit-string.obj
I:\code\199__YACSixxS\p3\libjit\libjit\Release\jit-symbol.obj
I:\code\199__YACSixxS\p3\libjit\libjit\Release\jit-thread.obj
I:\code\199__YACSixxS\p3\libjit\libjit\Release\jit-type.obj
I:\code\199__YACSixxS\p3\libjit\libjit\Release\jit-unwind.obj
I:\code\199__YACSixxS\p3\libjit\libjit\Release\jit-value.obj
I:\code\199__YACSixxS\p3\libjit\libjit\Release\jit-walk.obj
I:\code\199__YACSixxS\p3\libjit\libjit\Release\cl.command.1.tlog
I:\code\199__YACSixxS\p3\libjit\libjit\Release\CL.read.1.tlog
I:\code\199__YACSixxS\p3\libjit\libjit\Release\CL.write.1.tlog
I:\code\199__YACSixxS\p3\libjit\libjit\Release\Lib-link.read.1.tlog
I:\code\199__YACSixxS\p3\libjit\libjit\Release\Lib-link.write.1.tlog
I:\code\199__YACSixxS\p3\libjit\libjit\Release\lib.command.1.tlog
I:\code\199__YACSixxS\p3\libjit\libjit\Release\vc110.pdb
