生成启动时间为 2012/11/14 20:46:54。
     1>项目“I:\code\199__YACSixxS\C6xpSim\p3\libjit\libjit\libjit.vcxproj”在节点 2 上(Build 个目标)。
     1>ClCompile:
         D:\Program Files\VC\bin\CL.exe /c /I"../libjit-0.1.2/jit" /I"../libjit-0.1.2/include" /ZI /nologo /W0 /WX- /Od /Oy- /D WIN32 /D _DEBUG /D _CONSOLE /D _WINDLL /D _UNICODE /D UNICODE /Gm /EHsc /MD /GS- /fp:fast /Zc:wchar_t /Zc:forScope /Fo"Debug\\" /Fd"Debug\vc110.pdb" /Gd /TC /analyze- /errorReport:prompt "..\libjit-0.1.2\jit\jit-alloc.c" "..\libjit-0.1.2\jit\jit-apply-x86.c" "..\libjit-0.1.2\jit\jit-apply.c" "..\libjit-0.1.2\jit\jit-bitset.c" "..\libjit-0.1.2\jit\jit-block.c" "..\libjit-0.1.2\jit\jit-cache.c" "..\libjit-0.1.2\jit\jit-cfg.c" "..\libjit-0.1.2\jit\jit-context.c" "..\libjit-0.1.2\jit\jit-cpuid-x86.c" "..\libjit-0.1.2\jit\jit-debugger.c" "..\libjit-0.1.2\jit\jit-dump.c" "..\libjit-0.1.2\jit\jit-elf-write.c" "..\libjit-0.1.2\jit\jit-except.c" "..\libjit-0.1.2\jit\jit-function.c" "..\libjit-0.1.2\jit\jit-gen-arm.c" "..\libjit-0.1.2\jit\jit-init.c" "..\libjit-0.1.2\jit\jit-insn.c" "..\libjit-0.1.2\jit\jit-interp.c" "..\libjit-0.1.2\jit\jit-intrinsic.c" "..\libjit-0.1.2\jit\jit-live.c" "..\libjit-0.1.2\jit\jit-memory.c" "..\libjit-0.1.2\jit\jit-meta.c" "..\libjit-0.1.2\jit\jit-objmodel.c" "..\libjit-0.1.2\jit\jit-opcode.c" "..\libjit-0.1.2\jit\jit-pool.c" "..\libjit-0.1.2\jit\jit-reg-alloc.c" "..\libjit-0.1.2\jit\jit-reg-class.c" "..\libjit-0.1.2\jit\jit-rules-interp.c" "..\libjit-0.1.2\jit\jit-rules-x86.c" "..\libjit-0.1.2\jit\jit-rules.c" "..\libjit-0.1.2\jit\jit-signal.c" "..\libjit-0.1.2\jit\jit-string.c" "..\libjit-0.1.2\jit\jit-symbol.c" "..\libjit-0.1.2\jit\jit-thread.c" "..\libjit-0.1.2\jit\jit-type.c" "..\libjit-0.1.2\jit\jit-unwind.c" "..\libjit-0.1.2\jit\jit-value.c" "..\libjit-0.1.2\jit\jit-walk.c"
         jit-walk.c
         jit-value.c
         jit-unwind.c
         jit-type.c
         jit-thread.c
         jit-symbol.c
         jit-string.c
         jit-signal.c
         jit-rules.c
         jit-rules-x86.c
         jit-rules-interp.c
         jit-reg-class.c
         jit-reg-alloc.c
         jit-pool.c
         jit-opcode.c
         jit-objmodel.c
         jit-meta.c
         jit-memory.c
         jit-live.c
         jit-intrinsic.c
         正在生成代码...
         正在编译...
         jit-interp.c
         jit-insn.c
         jit-init.c
         jit-gen-arm.c
         jit-function.c
         jit-except.c
         jit-elf-write.c
         jit-dump.c
         jit-debugger.c
         jit-cpuid-x86.c
         jit-context.c
         jit-cfg.c
         jit-cache.c
         jit-block.c
         jit-bitset.c
         jit-apply.c
         jit-apply-x86.c
         jit-alloc.c
         正在生成代码...
       Link:
         D:\Program Files\VC\bin\link.exe /ERRORREPORT:PROMPT /OUT:"I:\code\199__YACSixxS\C6xpSim\p3\libjit\libjit\Debug\libjit.dll" /INCREMENTAL /NOLOGO kernel32.lib user32.lib gdi32.lib winspool.lib comdlg32.lib advapi32.lib shell32.lib ole32.lib oleaut32.lib uuid.lib odbc32.lib odbccp32.lib /MANIFEST /MANIFESTUAC:"level='asInvoker' uiAccess='false'" /manifest:embed /DEBUG /PDB:"I:\code\199__YACSixxS\C6xpSim\p3\libjit\libjit\Debug\libjit.pdb" /SUBSYSTEM:CONSOLE /TLBID:1 /DYNAMICBASE /NXCOMPAT /IMPLIB:"I:\code\199__YACSixxS\C6xpSim\p3\libjit\libjit\Debug\libjit.lib" /MACHINE:X86 /DLL "Debug\jit-alloc.obj"
         "Debug\jit-apply-x86.obj"
         "Debug\jit-apply.obj"
         "Debug\jit-bitset.obj"
         "Debug\jit-block.obj"
         "Debug\jit-cache.obj"
         "Debug\jit-cfg.obj"
         "Debug\jit-context.obj"
         "Debug\jit-cpuid-x86.obj"
         "Debug\jit-debugger.obj"
         "Debug\jit-dump.obj"
         "Debug\jit-elf-write.obj"
         "Debug\jit-except.obj"
         "Debug\jit-function.obj"
         "Debug\jit-gen-arm.obj"
         "Debug\jit-init.obj"
         "Debug\jit-insn.obj"
         "Debug\jit-interp.obj"
         "Debug\jit-intrinsic.obj"
         "Debug\jit-live.obj"
         "Debug\jit-memory.obj"
         "Debug\jit-meta.obj"
         "Debug\jit-objmodel.obj"
         "Debug\jit-opcode.obj"
         "Debug\jit-pool.obj"
         "Debug\jit-reg-alloc.obj"
         "Debug\jit-reg-class.obj"
         "Debug\jit-rules-interp.obj"
         "Debug\jit-rules-x86.obj"
         "Debug\jit-rules.obj"
         "Debug\jit-signal.obj"
         "Debug\jit-string.obj"
         "Debug\jit-symbol.obj"
         "Debug\jit-thread.obj"
         "Debug\jit-type.obj"
         "Debug\jit-unwind.obj"
         "Debug\jit-value.obj"
         "Debug\jit-walk.obj"
            正在创建库 I:\code\199__YACSixxS\C6xpSim\p3\libjit\libjit\Debug\libjit.lib 和对象 I:\code\199__YACSixxS\C6xpSim\p3\libjit\libjit\Debug\libjit.exp
     1>jit-apply.obj : warning LNK4049: 已导入本地定义的符号 _jit_type_void
     1>jit-insn.obj : warning LNK4049: 已导入本地定义的符号 _jit_type_void
     1>jit-value.obj : warning LNK4217: 本地定义的符号 _jit_type_void 在函数 _jit_constant_convert 中导入
     1>jit-dump.obj : warning LNK4049: 已导入本地定义的符号 _jit_opcodes
     1>jit-insn.obj : warning LNK4049: 已导入本地定义的符号 _jit_type_int
     1>jit-value.obj : warning LNK4049: 已导入本地定义的符号 _jit_type_int
     1>jit-insn.obj : warning LNK4049: 已导入本地定义的符号 _jit_type_uint
     1>jit-insn.obj : warning LNK4049: 已导入本地定义的符号 _jit_type_nint
     1>jit-value.obj : warning LNK4049: 已导入本地定义的符号 _jit_type_nint
     1>jit-insn.obj : warning LNK4049: 已导入本地定义的符号 _jit_type_nuint
     1>jit-insn.obj : warning LNK4049: 已导入本地定义的符号 _jit_type_long
     1>jit-insn.obj : warning LNK4049: 已导入本地定义的符号 _jit_type_ulong
     1>jit-insn.obj : warning LNK4049: 已导入本地定义的符号 _jit_type_float32
     1>jit-rules-x86.obj : warning LNK4049: 已导入本地定义的符号 _jit_type_float32
     1>jit-insn.obj : warning LNK4049: 已导入本地定义的符号 _jit_type_float64
     1>jit-rules-x86.obj : warning LNK4049: 已导入本地定义的符号 _jit_type_float64
     1>jit-insn.obj : warning LNK4049: 已导入本地定义的符号 _jit_type_nfloat
     1>jit-rules-x86.obj : warning LNK4049: 已导入本地定义的符号 _jit_type_nfloat
     1>jit-insn.obj : warning LNK4049: 已导入本地定义的符号 _jit_type_void_ptr
     1>jit-rules.obj : warning LNK4049: 已导入本地定义的符号 _jit_type_void_ptr
         libjit.vcxproj -> I:\code\199__YACSixxS\C6xpSim\p3\libjit\libjit\Debug\libjit.dll
     1>已完成生成项目“I:\code\199__YACSixxS\C6xpSim\p3\libjit\libjit\libjit.vcxproj”(Build 个目标)的操作。

生成成功。

已用时间 00:00:21.28
